This is pdfTeX, Version 3.14159265-2.6-1.40.18 (TeX Live 2017/Debian) (preloaded format=cont-en 2018.5.23)  13 JUN 2018 09:49
entering extended mode
 restricted \write18 enabled.
 %&-line parsing enabled.
**texexec.tex
(./texexec.tex

ConTeXt  ver: 2017.05.15 21:48 MKII  fmt: 2018.5.23  int: english/english

system          : cont-new.mkii loaded
(/usr/share/texmf/tex/context/base/mkii/cont-new.mkii
systems         : beware: some patches loaded from cont-new.mkii
)
system          : cont-sys.rme loaded
(/etc/texmf/tex/context/user/cont-sys.rme
(/usr/share/texmf/tex/context/base/mkii/type-siz.mkii)
(/usr/share/texmf/tex/context/base/mkii/type-one.mkii))
system          : texexec.top loaded
(./texexec.top)
bodyfont        : 12pt rm is loaded
language        : patterns nl->texnansi:texnansi->1->2:2 nl->ec:ec->2->2:2 us->
ec:ec->3->2:3 de->texnansi:texnansi->4->3:3 de->ec:ec->5->3:3 da->ec:ec->6->2:2
 sv->ec:ec->7->2:2 af->ec:ec->8->2:2 gb->ec:ec->9->2:2 fr->texnansi:texnansi->1
0->2:2 fr->ec:ec->11->2:2 es->ec:ec->12->2:2 ca->ec:ec->13->2:2 it->texnansi:te
xnansi->14->2:2 it->ec:ec->15->2:2 la->ec:ec->16->2:2 pt->texnansi:texnansi->17
->2:2 pt->ec:ec->18->2:2 ro->ec:ec->19->2:2 pl->pl0:pl0->20->2:2 pl->ec:ec->21-
>2:2 pl->qx:qx->22->2:2 cs->il2:il2->23->2:2 cs->ec:ec->24->2:2 sk->il2:il2->25
->2:2 sk->ec:ec->26->2:2 hr->ec:ec->27->2:2 sl->ec:ec->28->2:2 tr->ec:ec->29->2
:2 tk->ec:ec->30->1:2 lt->l7x:l7x->31->2:2 agr->agr:agr->33->2:2 fi->ec:ec->34-
>2:2 hu->ec:ec->35->2:2 ru->t2a:t2a->37->2:2 uk->t2a:t2a->38->3:3  loaded
specials        : dvips loaded
\openout3 = `texexec.tui'.

\openout0 = `texexec-mpgraph.mp'.

systems         : system commands are enabled
language        : language en is active
specials        : loading definition file tpd
(/usr/share/texmf/tex/context/base/mkii/spec-tpd.mkii
specials        : loading definition file fdf
(/usr/share/texmf/tex/context/base/mkii/spec-fdf.mkii))
publications    : file texexec.bbl not found, waiting for bibtex
systems         : begin file texexec at line 10
{/usr/share/texmf/fonts/map/pdftex/context/original-empty.map}{/usr/share/texmf
/fonts/map/pdftex/context/original-base.map}{/usr/share/texmf/fonts/map/pdftex/
context/original-ams-base.map}{/usr/share/texmf/fonts/map/pdftex/context/origin
al-public-lm.map}{/usr/share/texmf/fonts/map/dvips/lm/lm-ec.map}{/usr/share/tex
mf/fonts/map/dvips/lm/lm-math.map}{/usr/share/texmf/fonts/map/dvips/lm/lm-rm.ma
p}{/usr/share/texmf/fonts/map/pdftex/context/original-ams-euler.map}
figures         : dimensions of /home/amri/myfiles/myfiles/maths/latex/let.pdf 
loaded from figurefile itself
(/usr/share/texmf/tex/context/base/mkii/sort-def.mkii)
(/usr/share/texmf/tex/context/base/mkii/sort-lan.mkii) [1.1 </home/amri/myfiles
/myfiles/maths/latex/let.pdf>]
figures         : dimensions of /home/amri/myfiles/myfiles/maths/timed_plactic/
math_student/expo.pdf loaded from figurefile itself
[2.2 </home/amri/myfiles/myfiles/maths/timed_plactic/math_student/expo.pdf>]
figures         : dimensions of /home/amri/myfiles/myfiles/maths/timed_plactic/
math_student/expo.pdf loaded from figurefile itself
[3.3 </home/amri/myfiles/myfiles/maths/timed_plactic/math_student/expo.pdf>]
figures         : dimensions of /home/amri/myfiles/myfiles/maths/timed_plactic/
math_student/expo.pdf loaded from figurefile itself
[4.4 </home/amri/myfiles/myfiles/maths/timed_plactic/math_student/expo.pdf>]
figures         : dimensions of /home/amri/myfiles/myfiles/maths/timed_plactic/
math_student/expo.pdf loaded from figurefile itself
[5.5 </home/amri/myfiles/myfiles/maths/timed_plactic/math_student/expo.pdf>]
figures         : dimensions of /home/amri/myfiles/myfiles/maths/timed_plactic/
math_student/expo.pdf loaded from figurefile itself
[6.6 </home/amri/myfiles/myfiles/maths/timed_plactic/math_student/expo.pdf>]
figures         : dimensions of /home/amri/myfiles/myfiles/maths/timed_plactic/
math_student/expo.pdf loaded from figurefile itself
[7.7 </home/amri/myfiles/myfiles/maths/timed_plactic/math_student/expo.pdf>]
figures         : dimensions of /home/amri/myfiles/myfiles/maths/timed_plactic/
math_student/expo.pdf loaded from figurefile itself
[8.8 </home/amri/myfiles/myfiles/maths/timed_plactic/math_student/expo.pdf>]
figures         : dimensions of /home/amri/myfiles/myfiles/maths/timed_plactic/
math_student/expo.pdf loaded from figurefile itself
[9.9 </home/amri/myfiles/myfiles/maths/timed_plactic/math_student/expo.pdf>]
figures         : dimensions of /home/amri/myfiles/myfiles/maths/timed_plactic/
math_student/expo.pdf loaded from figurefile itself
[10.10 </home/amri/myfiles/myfiles/maths/timed_plactic/math_student/expo.pdf>]
figures         : dimensions of /home/amri/myfiles/myfiles/maths/timed_plactic/
math_student/expo.pdf loaded from figurefile itself
[11.11 </home/amri/myfiles/myfiles/maths/timed_plactic/math_student/expo.pdf>]
systems         : end file texexec at line 19
(/usr/share/texmf/tex/context/base/mkii/cont-err.mkii
systems         : no file 'cont-sys.tex', using 'cont-sys.rme' instead
) ) 
Here is how much of TeX's memory you used:
 928 strings out of 455534
 14374 string characters out of 5522910
 4869678 words of memory out of 9270903
 42212 multiletter control sequences out of 15000+600000
 82418 words of font info for 37 fonts, out of 8000000 for 9000
 581 hyphenation exceptions out of 8191
 45i,17n,42p,225b,542s stack positions out of 5000i,500n,10000p,200000b,80000s

Output written on texexec.pdf (11 pages, 665618 bytes).
PDF statistics:
 161 PDF objects out of 1000 (max. 8388607)
 103 compressed objects within 2 object streams
 0 named destinations out of 1000 (max. 500000)
 66 words of extra memory for PDF output out of 10000 (max. 10000000)

